[INFO] Scanning for projects...
[INFO] 
[INFO] ---------------------< com.leader:parcautomobile >----------------------
[INFO] Building parcautomobile 0.0.1-SNAPSHOT
[INFO]   from pom.xml
[INFO] --------------------------------[ jar ]---------------------------------
[INFO] 
[INFO] >>> spring-boot:4.0.4:run (default-cli) > test-compile @ parcautomobile >>>
[INFO] 
[INFO] --- resources:3.3.1:resources (default-resources) @ parcautomobile ---
[INFO] Copying 1 resource from src\main\resources to target\classes
[INFO] Copying 12 resources from src\main\resources to target\classes
[INFO] 
[INFO] --- compiler:3.14.1:compile (default-compile) @ parcautomobile ---
[INFO] Nothing to compile - all classes are up to date.
[INFO] 
[INFO] --- resources:3.3.1:testResources (default-testResources) @ parcautomobile ---
[INFO] skip non existing resourceDirectory C:\Users\Marie Danielle\Documents\FlootPro\Backend\src\test\resources
[INFO] 
[INFO] --- compiler:3.14.1:testCompile (default-testCompile) @ parcautomobile ---
[INFO] Recompiling the module because of changed source code.
[INFO] Compiling 1 source file with javac [debug parameters release 21] to target\test-classes
[INFO] 
[INFO] <<< spring-boot:4.0.4:run (default-cli) < test-compile @ parcautomobile <<<
[INFO] 
[INFO] 
[INFO] --- spring-boot:4.0.4:run (default-cli) @ parcautomobile ---
[INFO] Attaching agents: []

  .   ____          _            __ _ _
 /\\ / ___'_ __ _ _(_)_ __  __ _ \ \ \ \
( ( )\___ | '_ | '_| | '_ \/ _` | \ \ \ \
 \\/  ___)| |_)| | | | | || (_| |  ) ) ) )
  '  |____| .__|_| |_|_| |_\__, | / / / /
 =========|_|==============|___/=/_/_/_/

 :: Spring Boot ::                (v4.0.4)

2026-03-30T16:26:07.251Z  INFO 15716 --- [parcautomobile] [           main] c.l.p.ParcautomobileApplication          : Starting ParcautomobileApplication using Java 21.0.10 with PID 15716 (C:\Users\Marie Danielle\Documents\FlootPro\Backend\target\classes started by Marie Danielle in C:\Users\Marie Danielle\Documents\FlootPro\Backend)
2026-03-30T16:26:07.254Z  INFO 15716 --- [parcautomobile] [           main] c.l.p.ParcautomobileApplication          : No active profile set, falling back to 1 default profile: "default"
2026-03-30T16:26:08.384Z  INFO 15716 --- [parcautomobile] [           main] .s.d.r.c.RepositoryConfigurationDelegate : Bootstrapping Spring Data JPA repositories in DEFAULT mode.
2026-03-30T16:26:08.544Z  INFO 15716 --- [parcautomobile] [           main] .s.d.r.c.RepositoryConfigurationDelegate : Finished Spring Data repository scanning in 142 ms. Found 17 JPA repository interfaces.
2026-03-30T16:26:10.058Z  INFO 15716 --- [parcautomobile] [           main] o.s.boot.tomcat.TomcatWebServer          : Tomcat initialized with port 8080 (http)
2026-03-30T16:26:10.105Z  INFO 15716 --- [parcautomobile] [           main] o.apache.catalina.core.StandardService   : Starting service [Tomcat]
2026-03-30T16:26:10.105Z  INFO 15716 --- [parcautomobile] [           main] o.apache.catalina.core.StandardEngine    : Starting Servlet engine: [Apache Tomcat/11.0.18]
2026-03-30T16:26:10.325Z  INFO 15716 --- [parcautomobile] [           main] b.w.c.s.WebApplicationContextInitializer : Root WebApplicationContext: initialization completed in 2991 ms
2026-03-30T16:26:11.401Z  INFO 15716 --- [parcautomobile] [           main] com.zaxxer.hikari.HikariDataSource       : HikariPool-1 - Starting...
2026-03-30T16:26:11.874Z  INFO 15716 --- [parcautomobile] [           main] com.zaxxer.hikari.pool.HikariPool        : HikariPool-1 - Added connection org.postgresql.jdbc.PgConnection@7afb9c93
2026-03-30T16:26:11.884Z  INFO 15716 --- [parcautomobile] [           main] com.zaxxer.hikari.HikariDataSource       : HikariPool-1 - Start completed.
2026-03-30T16:26:11.954Z  INFO 15716 --- [parcautomobile] [           main] org.flywaydb.core.FlywayExecutor         : Database: jdbc:postgresql://localhost:5432/fleetpro (PostgreSQL 18.3)
2026-03-30T16:26:12.129Z  INFO 15716 --- [parcautomobile] [           main] o.f.core.internal.command.DbValidate     : Successfully validated 12 migrations (execution time 00:00.099s)
2026-03-30T16:26:12.154Z  INFO 15716 --- [parcautomobile] [           main] o.f.core.internal.command.DbMigrate      : Current version of schema "public": 12
2026-03-30T16:26:12.167Z  INFO 15716 --- [parcautomobile] [           main] o.f.core.internal.command.DbMigrate      : Schema "public" is up to date. No migration necessary.
2026-03-30T16:26:12.458Z  INFO 15716 --- [parcautomobile] [           main] org.hibernate.orm.jpa                    : HHH008540: Processing PersistenceUnitInfo [name: default]
2026-03-30T16:26:12.636Z  INFO 15716 --- [parcautomobile] [           main] org.hibernate.orm.core                   : HHH000001: Hibernate ORM core version 7.2.7.Final
2026-03-30T16:26:14.067Z  INFO 15716 --- [parcautomobile] [           main] o.s.o.j.p.SpringPersistenceUnitInfo      : No LoadTimeWeaver setup: ignoring JPA class transformer
2026-03-30T16:26:14.317Z  INFO 15716 --- [parcautomobile] [           main] org.hibernate.orm.connections.pooling    : HHH10001005: Database info:
	Database JDBC URL [jdbc:postgresql://localhost:5432/fleetpro]
	Database driver: PostgreSQL JDBC Driver
	Database dialect: PostgreSQLDialect
	Database version: 18.3
	Default catalog/schema: fleetpro/public
	Autocommit mode: undefined/unknown
	Isolation level: READ_COMMITTED [default READ_COMMITTED]
	JDBC fetch size: none
	Pool: DataSourceConnectionProvider
	Minimum pool size: undefined/unknown
	Maximum pool size: undefined/unknown
2026-03-30T16:26:15.596Z  WARN 15716 --- [parcautomobile] [           main] org.hibernate.orm.core                   : HHH000038: Composite id class does not override equals(): com.leader.parcautomobile.entity.VehicleZone$VehicleZoneId
2026-03-30T16:26:18.220Z  INFO 15716 --- [parcautomobile] [           main] org.hibernate.orm.core                   : HHH000489: No JTA platform available (set 'hibernate.transaction.jta.platform' to enable JTA platform integration)
2026-03-30T16:26:18.373Z  INFO 15716 --- [parcautomobile] [           main] j.LocalContainerEntityManagerFactoryBean : Initialized JPA EntityManagerFactory for persistence unit 'default'
2026-03-30T16:26:18.577Z  INFO 15716 --- [parcautomobile] [           main] o.s.d.j.r.query.QueryEnhancerFactories   : Hibernate is in classpath; If applicable, HQL parser will be used.
2026-03-30T16:26:23.635Z  INFO 15716 --- [parcautomobile] [           main] r$InitializeUserDetailsManagerConfigurer : Global AuthenticationManager configured with UserDetailsService bean with name databaseUserDetailsService
2026-03-30T16:26:25.843Z  INFO 15716 --- [parcautomobile] [           main] o.s.m.s.b.SimpleBrokerMessageHandler     : Starting...
2026-03-30T16:26:25.844Z  INFO 15716 --- [parcautomobile] [           main] o.s.m.s.b.SimpleBrokerMessageHandler     : BrokerAvailabilityEvent[available=true, SimpleBrokerMessageHandler [org.springframework.messaging.simp.broker.DefaultSubscriptionRegistry@28ad61c1]]
2026-03-30T16:26:25.844Z  INFO 15716 --- [parcautomobile] [           main] o.s.m.s.b.SimpleBrokerMessageHandler     : Started.
2026-03-30T16:26:25.869Z  INFO 15716 --- [parcautomobile] [           main] o.s.boot.tomcat.TomcatWebServer          : Tomcat started on port 8080 (http) with context path '/'
2026-03-30T16:26:25.899Z  INFO 15716 --- [parcautomobile] [           main] c.l.p.ParcautomobileApplication          : Started ParcautomobileApplication in 19.363 seconds (process running for 20.143)
2026-03-30T16:26:26.290Z  INFO 15716 --- [parcautomobile] [nio-8080-exec-1] o.a.c.c.C.[Tomcat].[localhost].[/]       : Initializing Spring DispatcherServlet 'dispatcherServlet'
2026-03-30T16:26:26.294Z  INFO 15716 --- [parcautomobile] [nio-8080-exec-1] o.s.web.servlet.DispatcherServlet        : Initializing Servlet 'dispatcherServlet'
2026-03-30T16:26:26.298Z  INFO 15716 --- [parcautomobile] [nio-8080-exec-1] o.s.web.servlet.DispatcherServlet        : Completed initialization in 4 ms
2026-03-30T16:26:26.429Z  INFO 15716 --- [parcautomobile] [           main] c.l.p.gps.server.GpsServerConfig         : Serveur GPS Netty d├®marr├® sur le port 5023
2026-03-30T16:27:25.854Z  INFO 15716 --- [parcautomobile] [essageBroker-13] o.s.w.s.c.WebSocketMessageBrokerStats    : WebSocketSession[1 current WS(1)-HttpStream(0)-HttpPoll(0), 1 total, 0 closed abnormally (0 connect failure, 0 send limit, 0 transport error)], stompSubProtocol[processed CONNECT(1)-CONNECTED(1)-DISCONNECT(0)], stompBrokerRelay[null], inboundChannel[pool size = 6, active threads = 0, queued tasks = 0, completed tasks = 6], outboundChannel[pool size = 1, active threads = 0, queued tasks = 0, completed tasks = 1], sockJsScheduler[pool size = 21, active threads = 1, queued tasks = 5, completed tasks = 14]
